__________________________________

Input directory is: 

/Users/hoatran/Documents/BCCRC_projects/IMC/XP1487/testing/XP1487_IMCpipeline/raw_stack/
Segment images 

___________________________________________
Working dir: /Users/hoatran/Documents/BCCRC_projects/IMC/XP1487/testing/XP1487_IMCpipeline/raw_stack/

Main dir: /Users/hoatran/Documents/BCCRC_projects/IMC/XP1487/testing/XP1487_IMCpipeline/

Creating results dir: /Users/hoatran/Documents/BCCRC_projects/IMC/XP1487/testing/XP1487_IMCpipeline/raw/

Number of files in this folder: 1

_______________________________________

Processing file: 220202_Cambridge_142309_PreStained_s0_a1_ac.ome_rawdata
Creating a folder for marker splitted images: /Users/hoatran/Documents/BCCRC_projects/IMC/XP1487/testing/XP1487_IMCpipeline/raw/220202_Cambridge_142309_PreStained_s0_a1_ac.ome_rawdata_CHANNELS/

Loading image: 220202_Cambridge_142309_PreStained_s0_a1_ac.ome_rawdata.tiff
Number of channels in this stack image: 20
Time of execution is: 0.203
Hura, completed!!!
Completed!
__________________________________

Processing file: 220202_Cambridge_142309_PreStained_s0_a1_ac.ome_rawdata
Creating a folder for marker splitted images: /Users/hoatran/Documents/BCCRC_projects/IMC/XP1487/testing/XP1487_IMCpipeline/raw/220202_Cambridge_142309_PreStained_s0_a1_ac.ome_rawdata_CHANNELS/

Loading image: 220202_Cambridge_142309_PreStained_s0_a1_ac.ome_rawdata.tiff
Number of channels in this stack image: 20
Time of execution is: 0.203
Hura, completed!!!
Completed!
__________________________________

__________________________________

Input directory is: 

/Users/hoatran/Documents/BCCRC_projects/IMC/XP1487/testing/XP1487_IMCpipeline/raw_stack/
Segment images 

___________________________________________
Working dir: /Users/hoatran/Documents/BCCRC_projects/IMC/XP1487/testing/XP1487_IMCpipeline/raw_stack/

Main dir: /Users/hoatran/Documents/BCCRC_projects/IMC/XP1487/testing/XP1487_IMCpipeline/

Creating results dir: /Users/hoatran/Documents/BCCRC_projects/IMC/XP1487/testing/XP1487_IMCpipeline/raw/

Number of files in this folder: 1

_______________________________________

Processing file: 220202_Cambridge_142309_PreStained_s0_a1_ac.ome_rawdata
Creating a folder for marker splitted images: /Users/hoatran/Documents/BCCRC_projects/IMC/XP1487/testing/XP1487_IMCpipeline/raw/220202_Cambridge_142309_PreStained_s0_a1_ac.ome_rawdata_CHANNELS/

Loading image: 220202_Cambridge_142309_PreStained_s0_a1_ac.ome_rawdata.tiff
Number of channels in this stack image: 20
Time of execution is: 0.177
Hura, completed!!!
Completed!
__________________________________

Processing file: 220202_Cambridge_142309_PreStained_s0_a1_ac.ome_rawdata
Creating a folder for marker splitted images: /Users/hoatran/Documents/BCCRC_projects/IMC/XP1487/testing/XP1487_IMCpipeline/raw/220202_Cambridge_142309_PreStained_s0_a1_ac.ome_rawdata_CHANNELS/

Loading image: 220202_Cambridge_142309_PreStained_s0_a1_ac.ome_rawdata.tiff
Number of channels in this stack image: 20
Time of execution is: 0.177
Hura, completed!!!
Completed!
__________________________________

__________________________________

Input directory is: 

/Users/hoatran/Documents/BCCRC_projects/IMC/XP1487/testing/XP1487_IMCpipeline/raw_stack/
Segment images 

___________________________________________
Working dir: /Users/hoatran/Documents/BCCRC_projects/IMC/XP1487/testing/XP1487_IMCpipeline/raw_stack/

Main dir: /Users/hoatran/Documents/BCCRC_projects/IMC/XP1487/testing/XP1487_IMCpipeline/

Creating results dir: /Users/hoatran/Documents/BCCRC_projects/IMC/XP1487/testing/XP1487_IMCpipeline/raw/

Number of files in this folder: 1

_______________________________________

Processing file: 220202_Cambridge_142309_PreStained_s0_a1_ac.ome_rawdata
Creating a folder for marker splitted images: /Users/hoatran/Documents/BCCRC_projects/IMC/XP1487/testing/XP1487_IMCpipeline/raw/220202_Cambridge_142309_PreStained_s0_a1_ac.ome_rawdata_CHANNELS/

Loading image: 220202_Cambridge_142309_PreStained_s0_a1_ac.ome_rawdata.tiff
Number of channels in this stack image: 20
Time of execution is: 0.397
Hura, completed!!!
Completed!
__________________________________

Processing file: 220202_Cambridge_142309_PreStained_s0_a1_ac.ome_rawdata
Creating a folder for marker splitted images: /Users/hoatran/Documents/BCCRC_projects/IMC/XP1487/testing/XP1487_IMCpipeline/raw/220202_Cambridge_142309_PreStained_s0_a1_ac.ome_rawdata_CHANNELS/

Loading image: 220202_Cambridge_142309_PreStained_s0_a1_ac.ome_rawdata.tiff
Number of channels in this stack image: 20
Time of execution is: 0.397
Hura, completed!!!
Completed!
__________________________________

__________________________________

Input directory is: 

/Users/hoatran/Documents/BCCRC_projects/IMC/XP1487/testing/XP1487_IMCpipeline/raw_stack/
Segment images 

___________________________________________
Working dir: /Users/hoatran/Documents/BCCRC_projects/IMC/XP1487/testing/XP1487_IMCpipeline/raw_stack/

Main dir: /Users/hoatran/Documents/BCCRC_projects/IMC/XP1487/testing/XP1487_IMCpipeline/

Creating results dir: /Users/hoatran/Documents/BCCRC_projects/IMC/XP1487/testing/XP1487_IMCpipeline/raw/

Number of files in this folder: 1

_______________________________________

Processing file: 220202_Cambridge_142309_PreStained_s0_a1_ac.ome_rawdata
Creating a folder for marker splitted images: /Users/hoatran/Documents/BCCRC_projects/IMC/XP1487/testing/XP1487_IMCpipeline/raw/220202_Cambridge_142309_PreStained_s0_a1_ac.ome_rawdata_CHANNELS/

Loading image: 220202_Cambridge_142309_PreStained_s0_a1_ac.ome_rawdata.tiff
Number of channels in this stack image: 20
Time of execution is: 0.427
Hura, completed!!!
Completed!
__________________________________

