__________________________________

Input directory is: 

/Users/hoatran/Documents/python_workspace/Spatial3DTissueJ/testing_images/filtered/
Segment nucleus images 

___________________________________________
Working dir: /Users/hoatran/Documents/python_workspace/Spatial3DTissueJ/testing_images/filtered/

Main dir: /Users/hoatran/Documents/python_workspace/Spatial3DTissueJ/testing_images/

Creating segmentation folder: /Users/hoatran/Documents/python_workspace/Spatial3DTissueJ/testing_images/SEG/

Segmented nuc images results are saved into folder: /Users/hoatran/Documents/python_workspace/Spatial3DTissueJ/testing_images/SEG/

Hura, completed!!!
Nucleus Segmentation Completed!
__________________________________

Main dir: /Users/hoatran/Documents/python_workspace/Spatial3DTissueJ/testing_images/

Creating segmentation folder: /Users/hoatran/Documents/python_workspace/Spatial3DTissueJ/testing_images/SEG/

Segmented nuc images results are saved into folder: /Users/hoatran/Documents/python_workspace/Spatial3DTissueJ/testing_images/SEG/

Hura, completed!!!
Nucleus Segmentation Completed!
__________________________________

__________________________________

Input directory is: 

/Users/hoatran/Documents/python_workspace/Spatial3DTissueJ/testing_images/filtered/
Segment nucleus images 

___________________________________________
Working dir: /Users/hoatran/Documents/python_workspace/Spatial3DTissueJ/testing_images/filtered/

Main dir: /Users/hoatran/Documents/python_workspace/Spatial3DTissueJ/testing_images/

Creating segmentation folder: /Users/hoatran/Documents/python_workspace/Spatial3DTissueJ/testing_images/SEG/

Segmented nuc images results are saved into folder: /Users/hoatran/Documents/python_workspace/Spatial3DTissueJ/testing_images/SEG/

Hura, completed!!!
Nucleus Segmentation Completed!
__________________________________

Main dir: /Users/hoatran/Documents/python_workspace/Spatial3DTissueJ/testing_images/

Creating segmentation folder: /Users/hoatran/Documents/python_workspace/Spatial3DTissueJ/testing_images/SEG/

Segmented nuc images results are saved into folder: /Users/hoatran/Documents/python_workspace/Spatial3DTissueJ/testing_images/SEG/

Hura, completed!!!
Nucleus Segmentation Completed!
__________________________________

__________________________________

Input directory is: 

/Users/hoatran/Documents/python_workspace/Spatial3DTissueJ/testing_images/filtered/
Segment nucleus images 

___________________________________________
Working dir: /Users/hoatran/Documents/python_workspace/Spatial3DTissueJ/testing_images/filtered/

Main dir: /Users/hoatran/Documents/python_workspace/Spatial3DTissueJ/testing_images/

Creating segmentation folder: /Users/hoatran/Documents/python_workspace/Spatial3DTissueJ/testing_images/SEG/

Nb of processing images: 4

_______________________________________

C4-dapi
Loading image: C4-dapi.tif
C4-dapi.tif:   max:   18  min: 0  mean: 0.1712  area: 13190.4595  std:0.9386
******* Background image, low intensity, please verify your input image
Segmented nuc images results are saved into folder: /Users/hoatran/Documents/python_workspace/Spatial3DTissueJ/testing_images/SEG/

Hura, completed!!!
Nucleus Segmentation Completed!
__________________________________

C4-dapi
Loading image: C4-dapi.tif
C4-dapi.tif:   max:   18  min: 0  mean: 0.1712  area: 13190.4595  std:0.9386
******* Background image, low intensity, please verify your input image
Segmented nuc images results are saved into folder: /Users/hoatran/Documents/python_workspace/Spatial3DTissueJ/testing_images/SEG/

Hura, completed!!!
Nucleus Segmentation Completed!
__________________________________

__________________________________

Input directory is: 

/Users/hoatran/Documents/python_workspace/Spatial3DTissueJ/testing_images/filtered/
Segment nucleus images 

___________________________________________
Working dir: /Users/hoatran/Documents/python_workspace/Spatial3DTissueJ/testing_images/filtered/

Main dir: /Users/hoatran/Documents/python_workspace/Spatial3DTissueJ/testing_images/

Creating segmentation folder: /Users/hoatran/Documents/python_workspace/Spatial3DTissueJ/testing_images/SEG/

Nb of processing images: 4

_______________________________________

C4-dapi
Loading image: C4-dapi.tif
C4-dapi.tif:   max:   18  min: 0  mean: 0.1712  area: 13190.4595  std:0.9386
Band pass filtering...
Segmenting...
C4-dapi.tif  mean value: 21491.4641
_________________________________________
ATTENTION: automatic seeds threshold value is:  21991
3D spots segmentation
Initial.....
Spot segmentation.....
Labelling 
Watershed...

\Update:Voxels to process : 955593
\Update:Voxels to process : 932024
\Update:Voxels to process : 878320
\Update:Voxels to process : 806432
\Update:Voxels to process : 739762
\Update:Voxels to process : 661514
\Update:Voxels to process : 580567
\Update:Voxels to process : 524533
\Update:Voxels to process : 469039
\Update:Voxels to process : 391015
\Update:Voxels to process : 304093
\Update:Voxels to process : 218719
\Update:Voxels to process : 126112
\Update:Voxels to process : 23296
\Update:Voxels to process : 0
Watershed completed.
Spot Image: C4-dapi   Seed Image : Image
Vol min: 20   Vol max: 1000000
Nucleus Segmentation Completed!
__________________________________

\Update:Voxels to process : 218719
\Update:Voxels to process : 126112
\Update:Voxels to process : 23296
\Update:Voxels to process : 0
Watershed completed.
Spot Image: C4-dapi   Seed Image : Image
Vol min: 20   Vol max: 1000000
Nucleus Segmentation Completed!
__________________________________

__________________________________

Input directory is: 

/Users/hoatran/Documents/python_workspace/Spatial3DTissueJ/testing_images/filtered/
Segment nucleus images 

___________________________________________
Working dir: /Users/hoatran/Documents/python_workspace/Spatial3DTissueJ/testing_images/filtered/

Main dir: /Users/hoatran/Documents/python_workspace/Spatial3DTissueJ/testing_images/

Creating segmentation folder: /Users/hoatran/Documents/python_workspace/Spatial3DTissueJ/testing_images/SEG/

Nb of processing images: 4

_______________________________________

C4-dapi
Loading image: C4-dapi.tif
C4-dapi.tif:   max:   18  min: 0  mean: 0.1712  area: 13190.4595  std:0.9386
Band pass filtering...
Segmenting...
C4-dapi.tif  mean value: 21491.4641
_________________________________________
ATTENTION: automatic seeds threshold value is:  22491
3D spots segmentation
Initial.....
Spot segmentation.....
Labelling 
Watershed...

\Update:Voxels to process : 955593
\Update:Voxels to process : 919637
\Update:Voxels to process : 835754
\Update:Voxels to process : 739963
\Update:Voxels to process : 637656
\Update:Voxels to process : 543333
\Update:Voxels to process : 466999
\Update:Voxels to process : 368418
\Update:Voxels to process : 210455
\Update:Voxels to process : 27009
\Update:Voxels to process : 0
Watershed completed.
Spot Image: C4-dapi   Seed Image : Image
Vol min: 20   Vol max: 1000000
Nucleus Segmentation Completed!
__________________________________

